# JRE version: OpenJDK Runtime Environment Temurin-21.0.7+6 (21.0.7+6) (build 21.0.7+6-LTS)
# Java VM: OpenJDK 64-Bit Server VM Temurin-21.0.7+6 (21.0.7+6-LTS, mixed mode, sharing, tiered, compressed oops, compressed class ptrs, parallel gc, windows-amd64)
GC Precious Log:
 CardTable entry size: 512
 CPUs: 12 total, 12 available
 Memory: 28524M
 Large Page Support: Disabled
 NUMA Support: Disabled
 Compressed Oops: Enabled (32-bit)
 Alignments: Space 512K, Generation 512K, Heap 2M
 Heap Min Capacity: 100M
 Heap Initial Capacity: 100M
 Heap Max Capacity: 1G
 Pre-touch: Disabled
 Parallel Workers: 10
Heap:
 PSYoungGen      total 4096K, used 1573K [0x00000000eab00000, 0x00000000eb000000, 0x0000000100000000)
  eden space 3072K, 34% used [0x00000000eab00000,0x00000000eac05720,0x00000000eae00000)
  from space 1024K, 51% used [0x00000000eaf00000,0x00000000eaf84010,0x00000000eb000000)
  to   space 1024K, 0% used [0x00000000eae00000,0x00000000eae00000,0x00000000eaf00000)
 ParOldGen       total 651264K, used 650814K [0x00000000c0000000, 0x00000000e7c00000, 0x00000000eab00000)
  object space 651264K, 99% used [0x00000000c0000000,0x00000000e7b8fbc8,0x00000000e7c00000)
 Metaspace       used 73673K, committed 75392K, reserved 1179648K
  class space    used 7291K, committed 8064K, reserved 1048576K
GC Heap History (20 events):
Event: 321.186 GC heap before
{Heap before GC invocations=1399 (full 4):
 PSYoungGen      total 3584K, used 3568K [0x00000000eab00000, 0x00000000eb180000, 0x0000000100000000)
  eden space 3072K, 100% used [0x00000000eab00000,0x00000000eae00000,0x00000000eae00000)
  from space 512K, 96% used [0x00000000eaf80000,0x00000000eaffc010,0x00000000eb000000)
  to   space 1536K, 0% used [0x00000000eae00000,0x00000000eae00000,0x00000000eaf80000)
 ParOldGen       total 647168K, used 646678K [0x00000000c0000000, 0x00000000e7800000, 0x00000000eab00000)
  object space 647168K, 99% used [0x00000000c0000000,0x00000000e7785b58,0x00000000e7800000)
 Metaspace       used 73631K, committed 75328K, reserved 1179648K
  class space    used 7291K, committed 8064K, reserved 1048576K
}
Event: 321.188 GC heap after
{Heap after GC invocations=1399 (full 4):
 PSYoungGen      total 4096K, used 592K [0x00000000eab00000, 0x00000000eb000000, 0x0000000100000000)
  eden space 3072K, 0% used [0x00000000eab00000,0x00000000eab00000,0x00000000eae00000)
  from space 1024K, 57% used [0x00000000eae00000,0x00000000eae94010,0x00000000eaf00000)
  to   space 1024K, 0% used [0x00000000eaf00000,0x00000000eaf00000,0x00000000eb000000)
 ParOldGen       total 647168K, used 647150K [0x00000000c0000000, 0x00000000e7800000, 0x00000000eab00000)
  object space 647168K, 99% used [0x00000000c0000000,0x00000000e77fbb88,0x00000000e7800000)
 Metaspace       used 73631K, committed 75328K, reserved 1179648K
  class space    used 7291K, committed 8064K, reserved 1048576K
}
Event: 321.192 GC heap before
{Heap before GC invocations=1400 (full 4):
 PSYoungGen      total 4096K, used 3664K [0x00000000eab00000, 0x00000000eb000000, 0x0000000100000000)
  eden space 3072K, 100% used [0x00000000eab00000,0x00000000eae00000,0x00000000eae00000)
  from space 1024K, 57% used [0x00000000eae00000,0x00000000eae94010,0x00000000eaf00000)
  to   space 1024K, 0% used [0x00000000eaf00000,0x00000000eaf00000,0x00000000eb000000)
 ParOldGen       total 647168K, used 647150K [0x00000000c0000000, 0x00000000e7800000, 0x00000000eab00000)
  object space 647168K, 99% used [0x00000000c0000000,0x00000000e77fbb88,0x00000000e7800000)
 Metaspace       used 73631K, committed 75328K, reserved 1179648K
  class space    used 7291K, committed 8064K, reserved 1048576K
}
Event: 321.193 GC heap after
{Heap after GC invocations=1400 (full 4):
 PSYoungGen      total 4096K, used 464K [0x00000000eab00000, 0x00000000eb000000, 0x0000000100000000)
  eden space 3072K, 0% used [0x00000000eab00000,0x00000000eab00000,0x00000000eae00000)
  from space 1024K, 45% used [0x00000000eaf00000,0x00000000eaf74010,0x00000000eb000000)
  to   space 1024K, 0% used [0x00000000eae00000,0x00000000eae00000,0x00000000eaf00000)
 ParOldGen       total 647680K, used 647534K [0x00000000c0000000, 0x00000000e7880000, 0x00000000eab00000)
  object space 647680K, 99% used [0x00000000c0000000,0x00000000e785bbc8,0x00000000e7880000)
 Metaspace       used 73631K, committed 75328K, reserved 1179648K
  class space    used 7291K, committed 8064K, reserved 1048576K
}
Event: 321.196 GC heap before
{Heap before GC invocations=1401 (full 4):
 PSYoungGen      total 4096K, used 3536K [0x00000000eab00000, 0x00000000eb000000, 0x0000000100000000)
  eden space 3072K, 100% used [0x00000000eab00000,0x00000000eae00000,0x00000000eae00000)
  from space 1024K, 45% used [0x00000000eaf00000,0x00000000eaf74010,0x00000000eb000000)
  to   space 1024K, 0% used [0x00000000eae00000,0x00000000eae00000,0x00000000eaf00000)
 ParOldGen       total 647680K, used 647534K [0x00000000c0000000, 0x00000000e7880000, 0x00000000eab00000)
  object space 647680K, 99% used [0x00000000c0000000,0x00000000e785bbc8,0x00000000e7880000)
 Metaspace       used 73631K, committed 75328K, reserved 1179648K
  class space    used 7291K, committed 8064K, reserved 1048576K
}
Event: 321.198 GC heap after
{Heap after GC invocations=1401 (full 4):
 PSYoungGen      total 4096K, used 464K [0x00000000eab00000, 0x00000000eb000000, 0x0000000100000000)
  eden space 3072K, 0% used [0x00000000eab00000,0x00000000eab00000,0x00000000eae00000)
  from space 1024K, 45% used [0x00000000eae00000,0x00000000eae74010,0x00000000eaf00000)
  to   space 512K, 0% used [0x00000000eaf80000,0x00000000eaf80000,0x00000000eb000000)
 ParOldGen       total 648192K, used 647814K [0x00000000c0000000, 0x00000000e7900000, 0x00000000eab00000)
  object space 648192K, 99% used [0x00000000c0000000,0x00000000e78a1be8,0x00000000e7900000)
 Metaspace       used 73631K, committed 75328K, reserved 1179648K
  class space    used 7291K, committed 8064K, reserved 1048576K
}
Event: 373.892 GC heap before
{Heap before GC invocations=1402 (full 4):
 PSYoungGen      total 4096K, used 3536K [0x00000000eab00000, 0x00000000eb000000, 0x0000000100000000)
  eden space 3072K, 100% used [0x00000000eab00000,0x00000000eae00000,0x00000000eae00000)
  from space 1024K, 45% used [0x00000000eae00000,0x00000000eae74010,0x00000000eaf00000)
  to   space 512K, 0% used [0x00000000eaf80000,0x00000000eaf80000,0x00000000eb000000)
 ParOldGen       total 648192K, used 647814K [0x00000000c0000000, 0x00000000e7900000, 0x00000000eab00000)
  object space 648192K, 99% used [0x00000000c0000000,0x00000000e78a1be8,0x00000000e7900000)
 Metaspace       used 73639K, committed 75328K, reserved 1179648K
  class space    used 7291K, committed 8064K, reserved 1048576K
}
Event: 374.906 GC heap after
{Heap after GC invocations=1402 (full 4):
 PSYoungGen      total 3584K, used 506K [0x00000000eab00000, 0x00000000eb100000, 0x0000000100000000)
  eden space 3072K, 0% used [0x00000000eab00000,0x00000000eab00000,0x00000000eae00000)
  from space 512K, 98% used [0x00000000eaf80000,0x00000000eaffe920,0x00000000eb000000)
  to   space 1536K, 0% used [0x00000000eae00000,0x00000000eae00000,0x00000000eaf80000)
 ParOldGen       total 648704K, used 648353K [0x00000000c0000000, 0x00000000e7980000, 0x00000000eab00000)
  object space 648704K, 99% used [0x00000000c0000000,0x00000000e7928508,0x00000000e7980000)
 Metaspace       used 73639K, committed 75328K, reserved 1179648K
  class space    used 7291K, committed 8064K, reserved 1048576K
}
Event: 374.909 GC heap before
{Heap before GC invocations=1403 (full 4):
 PSYoungGen      total 3584K, used 3578K [0x00000000eab00000, 0x00000000eb100000, 0x0000000100000000)
  eden space 3072K, 100% used [0x00000000eab00000,0x00000000eae00000,0x00000000eae00000)
  from space 512K, 98% used [0x00000000eaf80000,0x00000000eaffe920,0x00000000eb000000)
  to   space 1536K, 0% used [0x00000000eae00000,0x00000000eae00000,0x00000000eaf80000)
 ParOldGen       total 648704K, used 648353K [0x00000000c0000000, 0x00000000e7980000, 0x00000000eab00000)
  object space 648704K, 99% used [0x00000000c0000000,0x00000000e7928508,0x00000000e7980000)
 Metaspace       used 73639K, committed 75328K, reserved 1179648K
  class space    used 7291K, committed 8064K, reserved 1048576K
}
Event: 374.910 GC heap after
{Heap after GC invocations=1403 (full 4):
 PSYoungGen      total 3584K, used 448K [0x00000000eab00000, 0x00000000eb000000, 0x0000000100000000)
  eden space 3072K, 0% used [0x00000000eab00000,0x00000000eab00000,0x00000000eae00000)
  from space 512K, 87% used [0x00000000eae00000,0x00000000eae70000,0x00000000eae80000)
  to   space 1024K, 0% used [0x00000000eaf00000,0x00000000eaf00000,0x00000000eb000000)
 ParOldGen       total 649216K, used 648869K [0x00000000c0000000, 0x00000000e7a00000, 0x00000000eab00000)
  object space 649216K, 99% used [0x00000000c0000000,0x00000000e79a97e0,0x00000000e7a00000)
 Metaspace       used 73639K, committed 75328K, reserved 1179648K
  class space    used 7291K, committed 8064K, reserved 1048576K
}
Event: 374.913 GC heap before
{Heap before GC invocations=1404 (full 4):
 PSYoungGen      total 3584K, used 3520K [0x00000000eab00000, 0x00000000eb000000, 0x0000000100000000)
  eden space 3072K, 100% used [0x00000000eab00000,0x00000000eae00000,0x00000000eae00000)
  from space 512K, 87% used [0x00000000eae00000,0x00000000eae70000,0x00000000eae80000)
  to   space 1024K, 0% used [0x00000000eaf00000,0x00000000eaf00000,0x00000000eb000000)
 ParOldGen       total 649216K, used 648869K [0x00000000c0000000, 0x00000000e7a00000, 0x00000000eab00000)
  object space 649216K, 99% used [0x00000000c0000000,0x00000000e79a97e0,0x00000000e7a00000)
 Metaspace       used 73639K, committed 75328K, reserved 1179648K
  class space    used 7291K, committed 8064K, reserved 1048576K
}
Event: 374.914 GC heap after
{Heap after GC invocations=1404 (full 4):
 PSYoungGen      total 4096K, used 544K [0x00000000eab00000, 0x00000000eb000000, 0x0000000100000000)
  eden space 3072K, 0% used [0x00000000eab00000,0x00000000eab00000,0x00000000eae00000)
  from space 1024K, 53% used [0x00000000eaf00000,0x00000000eaf88000,0x00000000eb000000)
  to   space 1024K, 0% used [0x00000000eae00000,0x00000000eae00000,0x00000000eaf00000)
 ParOldGen       total 649216K, used 649174K [0x00000000c0000000, 0x00000000e7a00000, 0x00000000eab00000)
  object space 649216K, 99% used [0x00000000c0000000,0x00000000e79f5800,0x00000000e7a00000)
 Metaspace       used 73639K, committed 75328K, reserved 1179648K
  class space    used 7291K, committed 8064K, reserved 1048576K
}
Event: 374.920 GC heap before
{Heap before GC invocations=1405 (full 4):
 PSYoungGen      total 4096K, used 3616K [0x00000000eab00000, 0x00000000eb000000, 0x0000000100000000)
  eden space 3072K, 100% used [0x00000000eab00000,0x00000000eae00000,0x00000000eae00000)
  from space 1024K, 53% used [0x00000000eaf00000,0x00000000eaf88000,0x00000000eb000000)
  to   space 1024K, 0% used [0x00000000eae00000,0x00000000eae00000,0x00000000eaf00000)
 ParOldGen       total 649216K, used 649174K [0x00000000c0000000, 0x00000000e7a00000, 0x00000000eab00000)
  object space 649216K, 99% used [0x00000000c0000000,0x00000000e79f5800,0x00000000e7a00000)
 Metaspace       used 73653K, committed 75328K, reserved 1179648K
  class space    used 7291K, committed 8064K, reserved 1048576K
}
Event: 374.921 GC heap after
{Heap after GC invocations=1405 (full 4):
 PSYoungGen      total 4096K, used 676K [0x00000000eab00000, 0x00000000eb000000, 0x0000000100000000)
  eden space 3072K, 0% used [0x00000000eab00000,0x00000000eab00000,0x00000000eae00000)
  from space 1024K, 66% used [0x00000000eae00000,0x00000000eaea9210,0x00000000eaf00000)
  to   space 1024K, 0% used [0x00000000eaf00000,0x00000000eaf00000,0x00000000eb000000)
 ParOldGen       total 649728K, used 649542K [0x00000000c0000000, 0x00000000e7a80000, 0x00000000eab00000)
  object space 649728K, 99% used [0x00000000c0000000,0x00000000e7a51840,0x00000000e7a80000)
 Metaspace       used 73653K, committed 75328K, reserved 1179648K
  class space    used 7291K, committed 8064K, reserved 1048576K
}
Event: 374.925 GC heap before
{Heap before GC invocations=1406 (full 4):
 PSYoungGen      total 4096K, used 3748K [0x00000000eab00000, 0x00000000eb000000, 0x0000000100000000)
  eden space 3072K, 100% used [0x00000000eab00000,0x00000000eae00000,0x00000000eae00000)
  from space 1024K, 66% used [0x00000000eae00000,0x00000000eaea9210,0x00000000eaf00000)
  to   space 1024K, 0% used [0x00000000eaf00000,0x00000000eaf00000,0x00000000eb000000)
 ParOldGen       total 649728K, used 649542K [0x00000000c0000000, 0x00000000e7a80000, 0x00000000eab00000)
  object space 649728K, 99% used [0x00000000c0000000,0x00000000e7a51840,0x00000000e7a80000)
 Metaspace       used 73660K, committed 75328K, reserved 1179648K
  class space    used 7291K, committed 8064K, reserved 1048576K
}
Event: 374.926 GC heap after
{Heap after GC invocations=1406 (full 4):
 PSYoungGen      total 4096K, used 560K [0x00000000eab00000, 0x00000000eb000000, 0x0000000100000000)
  eden space 3072K, 0% used [0x00000000eab00000,0x00000000eab00000,0x00000000eae00000)
  from space 1024K, 54% used [0x00000000eaf00000,0x00000000eaf8c010,0x00000000eb000000)
  to   space 1024K, 0% used [0x00000000eae00000,0x00000000eae00000,0x00000000eaf00000)
 ParOldGen       total 650240K, used 650114K [0x00000000c0000000, 0x00000000e7b00000, 0x00000000eab00000)
  object space 650240K, 99% used [0x00000000c0000000,0x00000000e7ae0b78,0x00000000e7b00000)
 Metaspace       used 73660K, committed 75328K, reserved 1179648K
  class space    used 7291K, committed 8064K, reserved 1048576K
}
Event: 374.929 GC heap before
{Heap before GC invocations=1407 (full 4):
 PSYoungGen      total 4096K, used 3632K [0x00000000eab00000, 0x00000000eb000000, 0x0000000100000000)
  eden space 3072K, 100% used [0x00000000eab00000,0x00000000eae00000,0x00000000eae00000)
  from space 1024K, 54% used [0x00000000eaf00000,0x00000000eaf8c010,0x00000000eb000000)
  to   space 1024K, 0% used [0x00000000eae00000,0x00000000eae00000,0x00000000eaf00000)
 ParOldGen       total 650240K, used 650114K [0x00000000c0000000, 0x00000000e7b00000, 0x00000000eab00000)
  object space 650240K, 99% used [0x00000000c0000000,0x00000000e7ae0b78,0x00000000e7b00000)
 Metaspace       used 73666K, committed 75328K, reserved 1179648K
  class space    used 7291K, committed 8064K, reserved 1048576K
}
Event: 374.930 GC heap after
{Heap after GC invocations=1407 (full 4):
 PSYoungGen      total 4096K, used 480K [0x00000000eab00000, 0x00000000eb000000, 0x0000000100000000)
  eden space 3072K, 0% used [0x00000000eab00000,0x00000000eab00000,0x00000000eae00000)
  from space 1024K, 46% used [0x00000000eae00000,0x00000000eae78000,0x00000000eaf00000)
  to   space 1024K, 0% used [0x00000000eaf00000,0x00000000eaf00000,0x00000000eb000000)
 ParOldGen       total 650752K, used 650526K [0x00000000c0000000, 0x00000000e7b80000, 0x00000000eab00000)
  object space 650752K, 99% used [0x00000000c0000000,0x00000000e7b47ba8,0x00000000e7b80000)
 Metaspace       used 73666K, committed 75328K, reserved 1179648K
  class space    used 7291K, committed 8064K, reserved 1048576K
}
Event: 374.933 GC heap before
{Heap before GC invocations=1408 (full 4):
 PSYoungGen      total 4096K, used 3552K [0x00000000eab00000, 0x00000000eb000000, 0x0000000100000000)
  eden space 3072K, 100% used [0x00000000eab00000,0x00000000eae00000,0x00000000eae00000)
  from space 1024K, 46% used [0x00000000eae00000,0x00000000eae78000,0x00000000eaf00000)
  to   space 1024K, 0% used [0x00000000eaf00000,0x00000000eaf00000,0x00000000eb000000)
 ParOldGen       total 650752K, used 650526K [0x00000000c0000000, 0x00000000e7b80000, 0x00000000eab00000)
  object space 650752K, 99% used [0x00000000c0000000,0x00000000e7b47ba8,0x00000000e7b80000)
 Metaspace       used 73666K, committed 75328K, reserved 1179648K
  class space    used 7291K, committed 8064K, reserved 1048576K
}
Event: 374.934 GC heap after
{Heap after GC invocations=1408 (full 4):
 PSYoungGen      total 4096K, used 528K [0x00000000eab00000, 0x00000000eb000000, 0x0000000100000000)
  eden space 3072K, 0% used [0x00000000eab00000,0x00000000eab00000,0x00000000eae00000)
  from space 1024K, 51% used [0x00000000eaf00000,0x00000000eaf84010,0x00000000eb000000)
  to   space 1024K, 0% used [0x00000000eae00000,0x00000000eae00000,0x00000000eaf00000)
 ParOldGen       total 651264K, used 650814K [0x00000000c0000000, 0x00000000e7c00000, 0x00000000eab00000)
  object space 651264K, 99% used [0x00000000c0000000,0x00000000e7b8fbc8,0x00000000e7c00000)
 Metaspace       used 73666K, committed 75328K, reserved 1179648K
  class space    used 7291K, committed 8064K, reserved 1048576K
}

